2016-05-23 16:16:04,832 [1] [INFO ] - 初始化WebService对象 
2016-05-23 16:16:20,327 [1] [INFO ] - 生成XMLE:\SendXML04-16-20.xml 
2016-05-23 16:16:20,368 [1] [INFO ] - 调用传对象接口 
2016-05-23 16:16:20,369 [1] [INFO ] - 开始创建任务，执行一系列操作 
2016-05-23 16:16:20,371 [1] [INFO ] - 外部程序调用，添加仿真数据 
2016-05-23 16:16:20,371 [8] [INFO ] - 仿真线程已启动..... 
2016-05-23 16:16:20,372 [1] [INFO ] - 保存路径D:\XML 
2016-05-23 16:16:20,372 [1] [INFO ] - 添加到仿真数据队列，当前共计1 
2016-05-23 16:16:20,373 [8] [INFO ] - 开始生成XML文件.... 
2016-05-23 16:16:20,391 [8] [INFO ] - 开始生成导入基站XML文件 
2016-05-23 16:16:21,272 [8] [INFO ] - 开始生成删除基站XML文件 
2016-05-23 16:16:21,930 [8] [INFO ] - 开始生成导入位置信息XML文件 
2016-05-23 16:16:22,598 [8] [INFO ] - 开始生成删除位置信息XML文件 
2016-05-23 16:16:23,262 [8] [INFO ] - 开始生成XML成功,开始导入XML文件... 
2016-05-23 16:16:23,269 [8] [ERROR] - ::System.ComponentModel.Win32Exception (0x80004005): 系统找不到指定的文件。
   在 System.Diagnostics.Process.StartWithShellExecuteEx(ProcessStartInfo startInfo)
   在 NetPlan.BLL.BLLDoTask.ExecuteCommand(String Command, Int32 WaitForTime) 位置 H:\AirCom\Code_New\Server\BLL\BLLDoTask.cs:行号 305
   在 NetPlan.BLL.BLLDoTask.DoWork() 位置 H:\AirCom\Code_New\Server\BLL\BLLDoTask.cs:行号 96
   在 System.Threading.ExecutionContext.RunInternal(ExecutionContext executionContext, ContextCallback callback, Object state, Boolean preserveSyncCtx)
   在 System.Threading.ExecutionContext.Run(ExecutionContext executionContext, ContextCallback callback, Object state, Boolean preserveSyncCtx)
   在 System.Threading.ExecutionContext.Run(ExecutionContext executionContext, ContextCallback callback, Object state)
   在 System.Threading.ThreadHelper.ThreadStart() 
